# JRE version: Java(TM) SE Runtime Environment (8.0_191-b12) (build 1.8.0_191-b12)
# Java VM: Java HotSpot(TM) 64-Bit Server VM (25.191-b12 mixed mode windows-amd64 compressed oops)
Heap:
 PSYoungGen      total 110080K, used 35501K [0x00000000f7b00000, 0x0000000100000000, 0x0000000100000000)
  eden space 96256K, 22% used [0x00000000f7b00000,0x00000000f903ef40,0x00000000fd900000)
  from space 13824K, 99% used [0x00000000fd900000,0x00000000fe66c690,0x00000000fe680000)
  to   space 20992K, 0% used [0x00000000feb80000,0x00000000feb80000,0x0000000100000000)
 ParOldGen       total 148992K, used 79520K [0x00000000e7000000, 0x00000000f0180000, 0x00000000f7b00000)
  object space 148992K, 53% used [0x00000000e7000000,0x00000000ebda80e0,0x00000000f0180000)
 Metaspace       used 45670K, capacity 46107K, committed 46336K, reserved 1089536K
  class space    used 5698K, capacity 5825K, committed 5888K, reserved 1048576K
GC Heap History (10 events):
Event: 27.474 GC heap before
{Heap before GC invocations=25 (full 2):
 PSYoungGen      total 123904K, used 123873K [0x00000000f7b00000, 0x0000000100000000, 0x0000000100000000)
  eden space 115712K, 100% used [0x00000000f7b00000,0x00000000fec00000,0x00000000fec00000)
  from space 8192K, 99% used [0x00000000ff800000,0x00000000ffff85e0,0x0000000100000000)
  to   space 10240K, 0% used [0x00000000fec00000,0x00000000fec00000,0x00000000ff600000)
 ParOldGen       total 148992K, used 35058K [0x00000000e7000000, 0x00000000f0180000, 0x00000000f7b00000)
  object space 148992K, 23% used [0x00000000e7000000,0x00000000e923c988,0x00000000f0180000)
 Metaspace       used 42882K, capacity 43331K, committed 43520K, reserved 1087488K
  class space    used 5500K, capacity 5629K, committed 5632K, reserved 1048576K
Event: 27.488 GC heap after
Heap after GC invocations=25 (full 2):
 PSYoungGen      total 125952K, used 5057K [0x00000000f7b00000, 0x0000000100000000, 0x0000000100000000)
  eden space 115712K, 0% used [0x00000000f7b00000,0x00000000f7b00000,0x00000000fec00000)
  from space 10240K, 49% used [0x00000000fec00000,0x00000000ff0f0650,0x00000000ff600000)
  to   space 9728K, 0% used [0x00000000ff680000,0x00000000ff680000,0x0000000100000000)
 ParOldGen       total 148992K, used 37154K [0x00000000e7000000, 0x00000000f0180000, 0x00000000f7b00000)
  object space 148992K, 24% used [0x00000000e7000000,0x00000000e94489b8,0x00000000f0180000)
 Metaspace       used 42882K, capacity 43331K, committed 43520K, reserved 1087488K
  class space    used 5500K, capacity 5629K, committed 5632K, reserved 1048576K
}
Event: 27.676 GC heap before
{Heap before GC invocations=26 (full 2):
 PSYoungGen      total 125952K, used 120769K [0x00000000f7b00000, 0x0000000100000000, 0x0000000100000000)
  eden space 115712K, 100% used [0x00000000f7b00000,0x00000000fec00000,0x00000000fec00000)
  from space 10240K, 49% used [0x00000000fec00000,0x00000000ff0f0650,0x00000000ff600000)
  to   space 9728K, 0% used [0x00000000ff680000,0x00000000ff680000,0x0000000100000000)
 ParOldGen       total 148992K, used 37154K [0x00000000e7000000, 0x00000000f0180000, 0x00000000f7b00000)
  object space 148992K, 24% used [0x00000000e7000000,0x00000000e94489b8,0x00000000f0180000)
 Metaspace       used 42900K, capacity 43331K, committed 43520K, reserved 1087488K
  class space    used 5500K, capacity 5629K, committed 5632K, reserved 1048576K
Event: 27.684 GC heap after
Heap after GC invocations=26 (full 2):
 PSYoungGen      total 124416K, used 4336K [0x00000000f7b00000, 0x00000000ffe80000, 0x0000000100000000)
  eden space 116224K, 0% used [0x00000000f7b00000,0x00000000f7b00000,0x00000000fec80000)
  from space 8192K, 52% used [0x00000000ff680000,0x00000000ffabc010,0x00000000ffe80000)
  to   space 9216K, 0% used [0x00000000fec80000,0x00000000fec80000,0x00000000ff580000)
 ParOldGen       total 148992K, used 41357K [0x00000000e7000000, 0x00000000f0180000, 0x00000000f7b00000)
  object space 148992K, 27% used [0x00000000e7000000,0x00000000e98635f8,0x00000000f0180000)
 Metaspace       used 42900K, capacity 43331K, committed 43520K, reserved 1087488K
  class space    used 5500K, capacity 5629K, committed 5632K, reserved 1048576K
}
Event: 28.447 GC heap before
{Heap before GC invocations=27 (full 2):
 PSYoungGen      total 124416K, used 120560K [0x00000000f7b00000, 0x00000000ffe80000, 0x0000000100000000)
  eden space 116224K, 100% used [0x00000000f7b00000,0x00000000fec80000,0x00000000fec80000)
  from space 8192K, 52% used [0x00000000ff680000,0x00000000ffabc010,0x00000000ffe80000)
  to   space 9216K, 0% used [0x00000000fec80000,0x00000000fec80000,0x00000000ff580000)
 ParOldGen       total 148992K, used 41357K [0x00000000e7000000, 0x00000000f0180000, 0x00000000f7b00000)
  object space 148992K, 27% used [0x00000000e7000000,0x00000000e98635f8,0x00000000f0180000)
 Metaspace       used 44556K, capacity 44975K, committed 45184K, reserved 1089536K
  class space    used 5616K, capacity 5727K, committed 5760K, reserved 1048576K
Event: 28.455 GC heap after
Heap after GC invocations=27 (full 2):
 PSYoungGen      total 125440K, used 3289K [0x00000000f7b00000, 0x0000000100000000, 0x0000000100000000)
  eden space 116224K, 0% used [0x00000000f7b00000,0x00000000f7b00000,0x00000000fec80000)
  from space 9216K, 35% used [0x00000000fec80000,0x00000000fefb6520,0x00000000ff580000)
  to   space 9216K, 0% used [0x00000000ff700000,0x00000000ff700000,0x0000000100000000)
 ParOldGen       total 148992K, used 45653K [0x00000000e7000000, 0x00000000f0180000, 0x00000000f7b00000)
  object space 148992K, 30% used [0x00000000e7000000,0x00000000e9c95608,0x00000000f0180000)
 Metaspace       used 44556K, capacity 44975K, committed 45184K, reserved 1089536K
  class space    used 5616K, capacity 5727K, committed 5760K, reserved 1048576K
}
Event: 35.036 GC heap before
{Heap before GC invocations=28 (full 2):
 PSYoungGen      total 125440K, used 119513K [0x00000000f7b00000, 0x0000000100000000, 0x0000000100000000)
  eden space 116224K, 100% used [0x00000000f7b00000,0x00000000fec80000,0x00000000fec80000)
  from space 9216K, 35% used [0x00000000fec80000,0x00000000fefb6520,0x00000000ff580000)
  to   space 9216K, 0% used [0x00000000ff700000,0x00000000ff700000,0x0000000100000000)
 ParOldGen       total 148992K, used 45653K [0x00000000e7000000, 0x00000000f0180000, 0x00000000f7b00000)
  object space 148992K, 30% used [0x00000000e7000000,0x00000000e9c95608,0x00000000f0180000)
 Metaspace       used 45321K, capacity 45839K, committed 46080K, reserved 1089536K
  class space    used 5688K, capacity 5823K, committed 5888K, reserved 1048576K
Event: 35.096 GC heap after
Heap after GC invocations=28 (full 2):
 PSYoungGen      total 105472K, used 9216K [0x00000000f7b00000, 0x0000000100000000, 0x0000000100000000)
  eden space 96256K, 0% used [0x00000000f7b00000,0x00000000f7b00000,0x00000000fd900000)
  from space 9216K, 100% used [0x00000000ff700000,0x0000000100000000,0x0000000100000000)
  to   space 19968K, 0% used [0x00000000fd900000,0x00000000fd900000,0x00000000fec80000)
 ParOldGen       total 148992K, used 71480K [0x00000000e7000000, 0x00000000f0180000, 0x00000000f7b00000)
  object space 148992K, 47% used [0x00000000e7000000,0x00000000eb5ce0e0,0x00000000f0180000)
 Metaspace       used 45321K, capacity 45839K, committed 46080K, reserved 1089536K
  class space    used 5688K, capacity 5823K, committed 5888K, reserved 1048576K
}
Event: 37.612 GC heap before
{Heap before GC invocations=29 (full 2):
 PSYoungGen      total 105472K, used 105472K [0x00000000f7b00000, 0x0000000100000000, 0x0000000100000000)
  eden space 96256K, 100% used [0x00000000f7b00000,0x00000000fd900000,0x00000000fd900000)
  from space 9216K, 100% used [0x00000000ff700000,0x0000000100000000,0x0000000100000000)
  to   space 19968K, 0% used [0x00000000fd900000,0x00000000fd900000,0x00000000fec80000)
 ParOldGen       total 148992K, used 71480K [0x00000000e7000000, 0x00000000f0180000, 0x00000000f7b00000)
  object space 148992K, 47% used [0x00000000e7000000,0x00000000eb5ce0e0,0x00000000f0180000)
 Metaspace       used 45555K, capacity 46037K, committed 46336K, reserved 1089536K
  class space    used 5689K, capacity 5824K, committed 5888K, reserved 1048576K
Event: 37.734 GC heap after
Heap after GC invocations=29 (full 2):
 PSYoungGen      total 110080K, used 13745K [0x00000000f7b00000, 0x0000000100000000, 0x0000000100000000)
  eden space 96256K, 0% used [0x00000000f7b00000,0x00000000f7b00000,0x00000000fd900000)
  from space 13824K, 99% used [0x00000000fd900000,0x00000000fe66c690,0x00000000fe680000)
  to   space 20992K, 0% used [0x00000000feb80000,0x00000000feb80000,0x0000000100000000)
 ParOldGen       total 148992K, used 79520K [0x00000000e7000000, 0x00000000f0180000, 0x00000000f7b00000)
  object space 148992K, 53% used [0x00000000e7000000,0x00000000ebda80e0,0x00000000f0180000)
 Metaspace       used 45555K, capacity 46037K, committed 46336K, reserved 1089536K
  class space    used 5689K, capacity 5824K, committed 5888K, reserved 1048576K
}

