# JRE version: Java(TM) SE Runtime Environment (8.0_201-b09) (build 1.8.0_201-b09)
# Java VM: Java HotSpot(TM) 64-Bit Server VM (25.201-b09 mixed mode windows-amd64 compressed oops)
Heap:
 PSYoungGen      total 116224K, used 82932K [0x00000000f7b00000, 0x00000000ffc00000, 0x0000000100000000)
  eden space 113664K, 71% used [0x00000000f7b00000,0x00000000fc9e4618,0x00000000fea00000)
  from space 2560K, 83% used [0x00000000ff980000,0x00000000ffb98d00,0x00000000ffc00000)
  to   space 5632K, 0% used [0x00000000ff100000,0x00000000ff100000,0x00000000ff680000)
 ParOldGen       total 164352K, used 61777K [0x00000000e7000000, 0x00000000f1080000, 0x00000000f7b00000)
  object space 164352K, 37% used [0x00000000e7000000,0x00000000eac54410,0x00000000f1080000)
 Metaspace       used 44918K, capacity 45393K, committed 45696K, reserved 1089536K
  class space    used 5599K, capacity 5734K, committed 5760K, reserved 1048576K
GC Heap History (10 events):
Event: 41.214 GC heap before
{Heap before GC invocations=38 (full 2):
 PSYoungGen      total 126976K, used 120881K [0x00000000f7b00000, 0x0000000100000000, 0x0000000100000000)
  eden space 119296K, 100% used [0x00000000f7b00000,0x00000000fef80000,0x00000000fef80000)
  from space 7680K, 20% used [0x00000000fef80000,0x00000000ff10c690,0x00000000ff700000)
  to   space 7680K, 0% used [0x00000000ff880000,0x00000000ff880000,0x0000000100000000)
 ParOldGen       total 164352K, used 58945K [0x00000000e7000000, 0x00000000f1080000, 0x00000000f7b00000)
  object space 164352K, 35% used [0x00000000e7000000,0x00000000ea990400,0x00000000f1080000)
 Metaspace       used 44878K, capacity 45393K, committed 45696K, reserved 1089536K
  class space    used 5598K, capacity 5734K, committed 5760K, reserved 1048576K
Event: 41.218 GC heap after
Heap after GC invocations=38 (full 2):
 PSYoungGen      total 119296K, used 1731K [0x00000000f7b00000, 0x00000000ffb00000, 0x0000000100000000)
  eden space 116736K, 0% used [0x00000000f7b00000,0x00000000f7b00000,0x00000000fed00000)
  from space 2560K, 67% used [0x00000000ff880000,0x00000000ffa30d10,0x00000000ffb00000)
  to   space 7168K, 0% used [0x00000000fed00000,0x00000000fed00000,0x00000000ff400000)
 ParOldGen       total 164352K, used 59585K [0x00000000e7000000, 0x00000000f1080000, 0x00000000f7b00000)
  object space 164352K, 36% used [0x00000000e7000000,0x00000000eaa30400,0x00000000f1080000)
 Metaspace       used 44878K, capacity 45393K, committed 45696K, reserved 1089536K
  class space    used 5598K, capacity 5734K, committed 5760K, reserved 1048576K
}
Event: 42.074 GC heap before
{Heap before GC invocations=39 (full 2):
 PSYoungGen      total 119296K, used 118467K [0x00000000f7b00000, 0x00000000ffb00000, 0x0000000100000000)
  eden space 116736K, 100% used [0x00000000f7b00000,0x00000000fed00000,0x00000000fed00000)
  from space 2560K, 67% used [0x00000000ff880000,0x00000000ffa30d10,0x00000000ffb00000)
  to   space 7168K, 0% used [0x00000000fed00000,0x00000000fed00000,0x00000000ff400000)
 ParOldGen       total 164352K, used 59585K [0x00000000e7000000, 0x00000000f1080000, 0x00000000f7b00000)
  object space 164352K, 36% used [0x00000000e7000000,0x00000000eaa30400,0x00000000f1080000)
 Metaspace       used 44879K, capacity 45393K, committed 45696K, reserved 1089536K
  class space    used 5598K, capacity 5734K, committed 5760K, reserved 1048576K
Event: 42.079 GC heap after
Heap after GC invocations=39 (full 2):
 PSYoungGen      total 116736K, used 2353K [0x00000000f7b00000, 0x00000000ff900000, 0x0000000100000000)
  eden space 114176K, 0% used [0x00000000f7b00000,0x00000000f7b00000,0x00000000fea80000)
  from space 2560K, 91% used [0x00000000fed00000,0x00000000fef4c6a0,0x00000000fef80000)
  to   space 6656K, 0% used [0x00000000ff280000,0x00000000ff280000,0x00000000ff900000)
 ParOldGen       total 164352K, used 59585K [0x00000000e7000000, 0x00000000f1080000, 0x00000000f7b00000)
  object space 164352K, 36% used [0x00000000e7000000,0x00000000eaa30400,0x00000000f1080000)
 Metaspace       used 44879K, capacity 45393K, committed 45696K, reserved 1089536K
  class space    used 5598K, capacity 5734K, committed 5760K, reserved 1048576K
}
Event: 43.111 GC heap before
{Heap before GC invocations=40 (full 2):
 PSYoungGen      total 116736K, used 116529K [0x00000000f7b00000, 0x00000000ff900000, 0x0000000100000000)
  eden space 114176K, 100% used [0x00000000f7b00000,0x00000000fea80000,0x00000000fea80000)
  from space 2560K, 91% used [0x00000000fed00000,0x00000000fef4c6a0,0x00000000fef80000)
  to   space 6656K, 0% used [0x00000000ff280000,0x00000000ff280000,0x00000000ff900000)
 ParOldGen       total 164352K, used 59585K [0x00000000e7000000, 0x00000000f1080000, 0x00000000f7b00000)
  object space 164352K, 36% used [0x00000000e7000000,0x00000000eaa30400,0x00000000f1080000)
 Metaspace       used 44880K, capacity 45393K, committed 45696K, reserved 1089536K
  class space    used 5598K, capacity 5734K, committed 5760K, reserved 1048576K
Event: 43.117 GC heap after
Heap after GC invocations=40 (full 2):
 PSYoungGen      total 122880K, used 2161K [0x00000000f7b00000, 0x0000000100000000, 0x0000000100000000)
  eden space 116224K, 0% used [0x00000000f7b00000,0x00000000f7b00000,0x00000000fec80000)
  from space 6656K, 32% used [0x00000000ff280000,0x00000000ff49c690,0x00000000ff900000)
  to   space 6144K, 0% used [0x00000000fec80000,0x00000000fec80000,0x00000000ff280000)
 ParOldGen       total 164352K, used 60401K [0x00000000e7000000, 0x00000000f1080000, 0x00000000f7b00000)
  object space 164352K, 36% used [0x00000000e7000000,0x00000000eaafc410,0x00000000f1080000)
 Metaspace       used 44880K, capacity 45393K, committed 45696K, reserved 1089536K
  class space    used 5598K, capacity 5734K, committed 5760K, reserved 1048576K
}
Event: 43.977 GC heap before
{Heap before GC invocations=41 (full 2):
 PSYoungGen      total 122880K, used 118385K [0x00000000f7b00000, 0x0000000100000000, 0x0000000100000000)
  eden space 116224K, 100% used [0x00000000f7b00000,0x00000000fec80000,0x00000000fec80000)
  from space 6656K, 32% used [0x00000000ff280000,0x00000000ff49c690,0x00000000ff900000)
  to   space 6144K, 0% used [0x00000000fec80000,0x00000000fec80000,0x00000000ff280000)
 ParOldGen       total 164352K, used 60401K [0x00000000e7000000, 0x00000000f1080000, 0x00000000f7b00000)
  object space 164352K, 36% used [0x00000000e7000000,0x00000000eaafc410,0x00000000f1080000)
 Metaspace       used 44884K, capacity 45393K, committed 45696K, reserved 1089536K
  class space    used 5598K, capacity 5734K, committed 5760K, reserved 1048576K
Event: 43.981 GC heap after
Heap after GC invocations=41 (full 2):
 PSYoungGen      total 122368K, used 2097K [0x00000000f7b00000, 0x00000000fff80000, 0x0000000100000000)
  eden space 116224K, 0% used [0x00000000f7b00000,0x00000000f7b00000,0x00000000fec80000)
  from space 6144K, 34% used [0x00000000fec80000,0x00000000fee8c690,0x00000000ff280000)
  to   space 6144K, 0% used [0x00000000ff980000,0x00000000ff980000,0x00000000fff80000)
 ParOldGen       total 164352K, used 61049K [0x00000000e7000000, 0x00000000f1080000, 0x00000000f7b00000)
  object space 164352K, 37% used [0x00000000e7000000,0x00000000eab9e410,0x00000000f1080000)
 Metaspace       used 44884K, capacity 45393K, committed 45696K, reserved 1089536K
  class space    used 5598K, capacity 5734K, committed 5760K, reserved 1048576K
}
Event: 44.929 GC heap before
{Heap before GC invocations=42 (full 2):
 PSYoungGen      total 122368K, used 118321K [0x00000000f7b00000, 0x00000000fff80000, 0x0000000100000000)
  eden space 116224K, 100% used [0x00000000f7b00000,0x00000000fec80000,0x00000000fec80000)
  from space 6144K, 34% used [0x00000000fec80000,0x00000000fee8c690,0x00000000ff280000)
  to   space 6144K, 0% used [0x00000000ff980000,0x00000000ff980000,0x00000000fff80000)
 ParOldGen       total 164352K, used 61049K [0x00000000e7000000, 0x00000000f1080000, 0x00000000f7b00000)
  object space 164352K, 37% used [0x00000000e7000000,0x00000000eab9e410,0x00000000f1080000)
 Metaspace       used 44885K, capacity 45393K, committed 45696K, reserved 1089536K
  class space    used 5598K, capacity 5734K, committed 5760K, reserved 1048576K
Event: 44.934 GC heap after
Heap after GC invocations=42 (full 2):
 PSYoungGen      total 116224K, used 2147K [0x00000000f7b00000, 0x00000000ffc00000, 0x0000000100000000)
  eden space 113664K, 0% used [0x00000000f7b00000,0x00000000f7b00000,0x00000000fea00000)
  from space 2560K, 83% used [0x00000000ff980000,0x00000000ffb98d00,0x00000000ffc00000)
  to   space 5632K, 0% used [0x00000000ff100000,0x00000000ff100000,0x00000000ff680000)
 ParOldGen       total 164352K, used 61777K [0x00000000e7000000, 0x00000000f1080000, 0x00000000f7b00000)
  object space 164352K, 37% used [0x00000000e7000000,0x00000000eac54410,0x00000000f1080000)
 Metaspace       used 44885K, capacity 45393K, committed 45696K, reserved 1089536K
  class space    used 5598K, capacity 5734K, committed 5760K, reserved 1048576K
}

