# JRE version: Java(TM) SE Runtime Environment (8.0_191-b12) (build 1.8.0_191-b12)
# Java VM: Java HotSpot(TM) 64-Bit Server VM (25.191-b12 mixed mode windows-amd64 compressed oops)
Heap:
 PSYoungGen      total 131072K, used 123577K [0x00000000f7b00000, 0x0000000100000000, 0x0000000100000000)
  eden space 126976K, 96% used [0x00000000f7b00000,0x00000000ff20e6e8,0x00000000ff700000)
  from space 4096K, 40% used [0x00000000ff700000,0x00000000ff8a0020,0x00000000ffb00000)
  to   space 4096K, 0% used [0x00000000ffc00000,0x00000000ffc00000,0x0000000100000000)
 ParOldGen       total 183808K, used 95986K [0x00000000e7000000, 0x00000000f2380000, 0x00000000f7b00000)
  object space 183808K, 52% used [0x00000000e7000000,0x00000000ecdbc8c8,0x00000000f2380000)
 Metaspace       used 45135K, capacity 45687K, committed 45952K, reserved 1089536K
  class space    used 5614K, capacity 5751K, committed 5760K, reserved 1048576K
GC Heap History (10 events):
Event: 102.144 GC heap before
{Heap before GC invocations=87 (full 2):
 PSYoungGen      total 130048K, used 125809K [0x00000000f7b00000, 0x00000000fff80000, 0x0000000100000000)
  eden space 124928K, 100% used [0x00000000f7b00000,0x00000000ff500000,0x00000000ff500000)
  from space 5120K, 17% used [0x00000000ffa00000,0x00000000ffadc690,0x00000000fff00000)
  to   space 5120K, 0% used [0x00000000ff500000,0x00000000ff500000,0x00000000ffa00000)
 ParOldGen       total 183808K, used 95050K [0x00000000e7000000, 0x00000000f2380000, 0x00000000f7b00000)
  object space 183808K, 51% used [0x00000000e7000000,0x00000000eccd28b8,0x00000000f2380000)
 Metaspace       used 45068K, capacity 45613K, committed 45696K, reserved 1089536K
  class space    used 5610K, capacity 5748K, committed 5760K, reserved 1048576K
Event: 102.148 GC heap after
Heap after GC invocations=87 (full 2):
 PSYoungGen      total 130048K, used 851K [0x00000000f7b00000, 0x00000000fff00000, 0x0000000100000000)
  eden space 124928K, 0% used [0x00000000f7b00000,0x00000000f7b00000,0x00000000ff500000)
  from space 5120K, 16% used [0x00000000ff500000,0x00000000ff5d4d10,0x00000000ffa00000)
  to   space 4608K, 0% used [0x00000000ffa80000,0x00000000ffa80000,0x00000000fff00000)
 ParOldGen       total 183808K, used 95386K [0x00000000e7000000, 0x00000000f2380000, 0x00000000f7b00000)
  object space 183808K, 51% used [0x00000000e7000000,0x00000000ecd268b8,0x00000000f2380000)
 Metaspace       used 45068K, capacity 45613K, committed 45696K, reserved 1089536K
  class space    used 5610K, capacity 5748K, committed 5760K, reserved 1048576K
}
Event: 102.894 GC heap before
{Heap before GC invocations=88 (full 2):
 PSYoungGen      total 130048K, used 125779K [0x00000000f7b00000, 0x00000000fff00000, 0x0000000100000000)
  eden space 124928K, 100% used [0x00000000f7b00000,0x00000000ff500000,0x00000000ff500000)
  from space 5120K, 16% used [0x00000000ff500000,0x00000000ff5d4d10,0x00000000ffa00000)
  to   space 4608K, 0% used [0x00000000ffa80000,0x00000000ffa80000,0x00000000fff00000)
 ParOldGen       total 183808K, used 95386K [0x00000000e7000000, 0x00000000f2380000, 0x00000000f7b00000)
  object space 183808K, 51% used [0x00000000e7000000,0x00000000ecd268b8,0x00000000f2380000)
 Metaspace       used 45068K, capacity 45613K, committed 45696K, reserved 1089536K
  class space    used 5610K, capacity 5748K, committed 5760K, reserved 1048576K
Event: 102.898 GC heap after
Heap after GC invocations=88 (full 2):
 PSYoungGen      total 130560K, used 835K [0x00000000f7b00000, 0x00000000fff80000, 0x0000000100000000)
  eden space 125952K, 0% used [0x00000000f7b00000,0x00000000f7b00000,0x00000000ff600000)
  from space 4608K, 18% used [0x00000000ffa80000,0x00000000ffb50d00,0x00000000fff00000)
  to   space 4608K, 0% used [0x00000000ff600000,0x00000000ff600000,0x00000000ffa80000)
 ParOldGen       total 183808K, used 95698K [0x00000000e7000000, 0x00000000f2380000, 0x00000000f7b00000)
  object space 183808K, 52% used [0x00000000e7000000,0x00000000ecd748c8,0x00000000f2380000)
 Metaspace       used 45068K, capacity 45613K, committed 45696K, reserved 1089536K
  class space    used 5610K, capacity 5748K, committed 5760K, reserved 1048576K
}
Event: 103.767 GC heap before
{Heap before GC invocations=89 (full 2):
 PSYoungGen      total 130560K, used 126787K [0x00000000f7b00000, 0x00000000fff80000, 0x0000000100000000)
  eden space 125952K, 100% used [0x00000000f7b00000,0x00000000ff600000,0x00000000ff600000)
  from space 4608K, 18% used [0x00000000ffa80000,0x00000000ffb50d00,0x00000000fff00000)
  to   space 4608K, 0% used [0x00000000ff600000,0x00000000ff600000,0x00000000ffa80000)
 ParOldGen       total 183808K, used 95698K [0x00000000e7000000, 0x00000000f2380000, 0x00000000f7b00000)
  object space 183808K, 52% used [0x00000000e7000000,0x00000000ecd748c8,0x00000000f2380000)
 Metaspace       used 45068K, capacity 45613K, committed 45696K, reserved 1089536K
  class space    used 5610K, capacity 5748K, committed 5760K, reserved 1048576K
Event: 103.770 GC heap after
Heap after GC invocations=89 (full 2):
 PSYoungGen      total 130560K, used 1009K [0x00000000f7b00000, 0x00000000fff00000, 0x0000000100000000)
  eden space 125952K, 0% used [0x00000000f7b00000,0x00000000f7b00000,0x00000000ff600000)
  from space 4608K, 21% used [0x00000000ff600000,0x00000000ff6fc690,0x00000000ffa80000)
  to   space 4096K, 0% used [0x00000000ffb00000,0x00000000ffb00000,0x00000000fff00000)
 ParOldGen       total 183808K, used 95986K [0x00000000e7000000, 0x00000000f2380000, 0x00000000f7b00000)
  object space 183808K, 52% used [0x00000000e7000000,0x00000000ecdbc8c8,0x00000000f2380000)
 Metaspace       used 45068K, capacity 45613K, committed 45696K, reserved 1089536K
  class space    used 5610K, capacity 5748K, committed 5760K, reserved 1048576K
}
Event: 104.577 GC heap before
{Heap before GC invocations=90 (full 2):
 PSYoungGen      total 130560K, used 126961K [0x00000000f7b00000, 0x00000000fff00000, 0x0000000100000000)
  eden space 125952K, 100% used [0x00000000f7b00000,0x00000000ff600000,0x00000000ff600000)
  from space 4608K, 21% used [0x00000000ff600000,0x00000000ff6fc690,0x00000000ffa80000)
  to   space 4096K, 0% used [0x00000000ffb00000,0x00000000ffb00000,0x00000000fff00000)
 ParOldGen       total 183808K, used 95986K [0x00000000e7000000, 0x00000000f2380000, 0x00000000f7b00000)
  object space 183808K, 52% used [0x00000000e7000000,0x00000000ecdbc8c8,0x00000000f2380000)
 Metaspace       used 45068K, capacity 45613K, committed 45696K, reserved 1089536K
  class space    used 5610K, capacity 5748K, committed 5760K, reserved 1048576K
Event: 104.583 GC heap after
Heap after GC invocations=90 (full 2):
 PSYoungGen      total 131072K, used 1312K [0x00000000f7b00000, 0x00000000fff80000, 0x0000000100000000)
  eden space 126976K, 0% used [0x00000000f7b00000,0x00000000f7b00000,0x00000000ff700000)
  from space 4096K, 32% used [0x00000000ffb00000,0x00000000ffc48020,0x00000000fff00000)
  to   space 4096K, 0% used [0x00000000ff700000,0x00000000ff700000,0x00000000ffb00000)
 ParOldGen       total 183808K, used 95986K [0x00000000e7000000, 0x00000000f2380000, 0x00000000f7b00000)
  object space 183808K, 52% used [0x00000000e7000000,0x00000000ecdbc8c8,0x00000000f2380000)
 Metaspace       used 45068K, capacity 45613K, committed 45696K, reserved 1089536K
  class space    used 5610K, capacity 5748K, committed 5760K, reserved 1048576K
}
Event: 105.402 GC heap before
{Heap before GC invocations=91 (full 2):
 PSYoungGen      total 131072K, used 128288K [0x00000000f7b00000, 0x00000000fff80000, 0x0000000100000000)
  eden space 126976K, 100% used [0x00000000f7b00000,0x00000000ff700000,0x00000000ff700000)
  from space 4096K, 32% used [0x00000000ffb00000,0x00000000ffc48020,0x00000000fff00000)
  to   space 4096K, 0% used [0x00000000ff700000,0x00000000ff700000,0x00000000ffb00000)
 ParOldGen       total 183808K, used 95986K [0x00000000e7000000, 0x00000000f2380000, 0x00000000f7b00000)
  object space 183808K, 52% used [0x00000000e7000000,0x00000000ecdbc8c8,0x00000000f2380000)
 Metaspace       used 45068K, capacity 45613K, committed 45696K, reserved 1089536K
  class space    used 5610K, capacity 5748K, committed 5760K, reserved 1048576K
Event: 105.409 GC heap after
Heap after GC invocations=91 (full 2):
 PSYoungGen      total 131072K, used 1664K [0x00000000f7b00000, 0x0000000100000000, 0x0000000100000000)
  eden space 126976K, 0% used [0x00000000f7b00000,0x00000000f7b00000,0x00000000ff700000)
  from space 4096K, 40% used [0x00000000ff700000,0x00000000ff8a0020,0x00000000ffb00000)
  to   space 4096K, 0% used [0x00000000ffc00000,0x00000000ffc00000,0x0000000100000000)
 ParOldGen       total 183808K, used 95986K [0x00000000e7000000, 0x00000000f2380000, 0x00000000f7b00000)
  object space 183808K, 52% used [0x00000000e7000000,0x00000000ecdbc8c8,0x00000000f2380000)
 Metaspace       used 45068K, capacity 45613K, committed 45696K, reserved 1089536K
  class space    used 5610K, capacity 5748K, committed 5760K, reserved 1048576K
}

