# JRE version: Java(TM) SE Runtime Environment (8.0_221-b11) (build 1.8.0_221-b11)
# Java VM: Java HotSpot(TM) 64-Bit Server VM (25.221-b11 mixed mode windows-amd64 compressed oops)
Heap:
 PSYoungGen      total 108544K, used 51220K [0x00000000f7b00000, 0x00000000ff900000, 0x0000000100000000)
  eden space 102400K, 44% used [0x00000000f7b00000,0x00000000fa738818,0x00000000fdf00000)
  from space 6144K, 96% used [0x00000000ff300000,0x00000000ff8cc940,0x00000000ff900000)
  to   space 12800K, 0% used [0x00000000fe000000,0x00000000fe000000,0x00000000fec80000)
 ParOldGen       total 205312K, used 119314K [0x00000000e7000000, 0x00000000f3880000, 0x00000000f7b00000)
  object space 205312K, 58% used [0x00000000e7000000,0x00000000ee4849b8,0x00000000f3880000)
 Metaspace       used 46744K, capacity 47245K, committed 47360K, reserved 1091584K
  class space    used 5729K, capacity 5886K, committed 5888K, reserved 1048576K
GC Heap History (10 events):
Event: 411.146 GC heap before
{Heap before GC invocations=89 (full 3):
 PSYoungGen      total 99840K, used 99537K [0x00000000f7b00000, 0x00000000fe880000, 0x0000000100000000)
  eden space 90624K, 100% used [0x00000000f7b00000,0x00000000fd380000,0x00000000fd380000)
  from space 9216K, 96% used [0x00000000fd500000,0x00000000fddb4690,0x00000000fde00000)
  to   space 10752K, 0% used [0x00000000fde00000,0x00000000fde00000,0x00000000fe880000)
 ParOldGen       total 205312K, used 109559K [0x00000000e7000000, 0x00000000f3880000, 0x00000000f7b00000)
  object space 205312K, 53% used [0x00000000e7000000,0x00000000edafdca8,0x00000000f3880000)
 Metaspace       used 46574K, capacity 47069K, committed 47360K, reserved 1091584K
  class space    used 5719K, capacity 5850K, committed 5888K, reserved 1048576K
Event: 411.158 GC heap after
Heap after GC invocations=89 (full 3):
 PSYoungGen      total 100864K, used 7025K [0x00000000f7b00000, 0x00000000ff500000, 0x0000000100000000)
  eden space 90112K, 0% used [0x00000000f7b00000,0x00000000f7b00000,0x00000000fd300000)
  from space 10752K, 65% used [0x00000000fde00000,0x00000000fe4dc690,0x00000000fe880000)
  to   space 11264K, 0% used [0x00000000fd300000,0x00000000fd300000,0x00000000fde00000)
 ParOldGen       total 205312K, used 112695K [0x00000000e7000000, 0x00000000f3880000, 0x00000000f7b00000)
  object space 205312K, 54% used [0x00000000e7000000,0x00000000ede0dca8,0x00000000f3880000)
 Metaspace       used 46574K, capacity 47069K, committed 47360K, reserved 1091584K
  class space    used 5719K, capacity 5850K, committed 5888K, reserved 1048576K
}
Event: 411.426 GC heap before
{Heap before GC invocations=90 (full 3):
 PSYoungGen      total 100864K, used 97137K [0x00000000f7b00000, 0x00000000ff500000, 0x0000000100000000)
  eden space 90112K, 100% used [0x00000000f7b00000,0x00000000fd300000,0x00000000fd300000)
  from space 10752K, 65% used [0x00000000fde00000,0x00000000fe4dc690,0x00000000fe880000)
  to   space 11264K, 0% used [0x00000000fd300000,0x00000000fd300000,0x00000000fde00000)
 ParOldGen       total 205312K, used 112695K [0x00000000e7000000, 0x00000000f3880000, 0x00000000f7b00000)
  object space 205312K, 54% used [0x00000000e7000000,0x00000000ede0dca8,0x00000000f3880000)
 Metaspace       used 46574K, capacity 47069K, committed 47360K, reserved 1091584K
  class space    used 5719K, capacity 5850K, committed 5888K, reserved 1048576K
Event: 411.441 GC heap after
Heap after GC invocations=90 (full 3):
 PSYoungGen      total 101376K, used 6645K [0x00000000f7b00000, 0x00000000ff800000, 0x0000000100000000)
  eden space 90112K, 0% used [0x00000000f7b00000,0x00000000f7b00000,0x00000000fd300000)
  from space 11264K, 58% used [0x00000000fd300000,0x00000000fd97d540,0x00000000fde00000)
  to   space 11264K, 0% used [0x00000000fed00000,0x00000000fed00000,0x00000000ff800000)
 ParOldGen       total 205312K, used 118938K [0x00000000e7000000, 0x00000000f3880000, 0x00000000f7b00000)
  object space 205312K, 57% used [0x00000000e7000000,0x00000000ee4269a8,0x00000000f3880000)
 Metaspace       used 46574K, capacity 47069K, committed 47360K, reserved 1091584K
  class space    used 5719K, capacity 5850K, committed 5888K, reserved 1048576K
}
Event: 1155.152 GC heap before
{Heap before GC invocations=91 (full 3):
 PSYoungGen      total 101376K, used 96757K [0x00000000f7b00000, 0x00000000ff800000, 0x0000000100000000)
  eden space 90112K, 100% used [0x00000000f7b00000,0x00000000fd300000,0x00000000fd300000)
  from space 11264K, 58% used [0x00000000fd300000,0x00000000fd97d540,0x00000000fde00000)
  to   space 11264K, 0% used [0x00000000fed00000,0x00000000fed00000,0x00000000ff800000)
 ParOldGen       total 205312K, used 118938K [0x00000000e7000000, 0x00000000f3880000, 0x00000000f7b00000)
  object space 205312K, 57% used [0x00000000e7000000,0x00000000ee4269a8,0x00000000f3880000)
 Metaspace       used 46722K, capacity 47235K, committed 47360K, reserved 1091584K
  class space    used 5727K, capacity 5883K, committed 5888K, reserved 1048576K
Event: 1155.157 GC heap after
Heap after GC invocations=91 (full 3):
 PSYoungGen      total 115712K, used 512K [0x00000000f7b00000, 0x00000000ff900000, 0x0000000100000000)
  eden space 104448K, 0% used [0x00000000f7b00000,0x00000000f7b00000,0x00000000fe100000)
  from space 11264K, 4% used [0x00000000fed00000,0x00000000fed80000,0x00000000ff800000)
  to   space 12288K, 0% used [0x00000000fe100000,0x00000000fe100000,0x00000000fed00000)
 ParOldGen       total 205312K, used 119098K [0x00000000e7000000, 0x00000000f3880000, 0x00000000f7b00000)
  object space 205312K, 58% used [0x00000000e7000000,0x00000000ee44e9a8,0x00000000f3880000)
 Metaspace       used 46722K, capacity 47235K, committed 47360K, reserved 1091584K
  class space    used 5727K, capacity 5883K, committed 5888K, reserved 1048576K
}
Event: 3785.172 GC heap before
{Heap before GC invocations=92 (full 3):
 PSYoungGen      total 115712K, used 104960K [0x00000000f7b00000, 0x00000000ff900000, 0x0000000100000000)
  eden space 104448K, 100% used [0x00000000f7b00000,0x00000000fe100000,0x00000000fe100000)
  from space 11264K, 4% used [0x00000000fed00000,0x00000000fed80000,0x00000000ff800000)
  to   space 12288K, 0% used [0x00000000fe100000,0x00000000fe100000,0x00000000fed00000)
 ParOldGen       total 205312K, used 119098K [0x00000000e7000000, 0x00000000f3880000, 0x00000000f7b00000)
  object space 205312K, 58% used [0x00000000e7000000,0x00000000ee44e9a8,0x00000000f3880000)
 Metaspace       used 46723K, capacity 47235K, committed 47360K, reserved 1091584K
  class space    used 5727K, capacity 5883K, committed 5888K, reserved 1048576K
Event: 3785.178 GC heap after
Heap after GC invocations=92 (full 3):
 PSYoungGen      total 116736K, used 1344K [0x00000000f7b00000, 0x0000000100000000, 0x0000000100000000)
  eden space 104448K, 0% used [0x00000000f7b00000,0x00000000f7b00000,0x00000000fe100000)
  from space 12288K, 10% used [0x00000000fe100000,0x00000000fe250010,0x00000000fed00000)
  to   space 13312K, 0% used [0x00000000ff300000,0x00000000ff300000,0x0000000100000000)
 ParOldGen       total 205312K, used 119194K [0x00000000e7000000, 0x00000000f3880000, 0x00000000f7b00000)
  object space 205312K, 58% used [0x00000000e7000000,0x00000000ee4669a8,0x00000000f3880000)
 Metaspace       used 46723K, capacity 47235K, committed 47360K, reserved 1091584K
  class space    used 5727K, capacity 5883K, committed 5888K, reserved 1048576K
}
Event: 6365.895 GC heap before
{Heap before GC invocations=93 (full 3):
 PSYoungGen      total 116736K, used 105792K [0x00000000f7b00000, 0x0000000100000000, 0x0000000100000000)
  eden space 104448K, 100% used [0x00000000f7b00000,0x00000000fe100000,0x00000000fe100000)
  from space 12288K, 10% used [0x00000000fe100000,0x00000000fe250010,0x00000000fed00000)
  to   space 13312K, 0% used [0x00000000ff300000,0x00000000ff300000,0x0000000100000000)
 ParOldGen       total 205312K, used 119194K [0x00000000e7000000, 0x00000000f3880000, 0x00000000f7b00000)
  object space 205312K, 58% used [0x00000000e7000000,0x00000000ee4669a8,0x00000000f3880000)
 Metaspace       used 46742K, capacity 47245K, committed 47360K, reserved 1091584K
  class space    used 5729K, capacity 5886K, committed 5888K, reserved 1048576K
Event: 6365.906 GC heap after
Heap after GC invocations=93 (full 3):
 PSYoungGen      total 108544K, used 5938K [0x00000000f7b00000, 0x00000000ff900000, 0x0000000100000000)
  eden space 102400K, 0% used [0x00000000f7b00000,0x00000000f7b00000,0x00000000fdf00000)
  from space 6144K, 96% used [0x00000000ff300000,0x00000000ff8cc940,0x00000000ff900000)
  to   space 12800K, 0% used [0x00000000fe000000,0x00000000fe000000,0x00000000fec80000)
 ParOldGen       total 205312K, used 119314K [0x00000000e7000000, 0x00000000f3880000, 0x00000000f7b00000)
  object space 205312K, 58% used [0x00000000e7000000,0x00000000ee4849b8,0x00000000f3880000)
 Metaspace       used 46742K, capacity 47245K, committed 47360K, reserved 1091584K
  class space    used 5729K, capacity 5886K, committed 5888K, reserved 1048576K
}

